2017-05-27 06:01:24,554 ERROR account create 22  Failed to complete the operation.. Info:The user exists
2017-05-27 06:08:52,608 ERROR account create 37  name 'userinfo' is not defined
2017-05-27 06:09:17,236 INFO account create 40  Operation completed. The account(username:Alecyrus) has been created.
2017-05-27 06:23:27,821 ERROR account create 21  Failed to complete the operation.. Info:The user exists
2017-05-27 06:27:54,657 ERROR account update 60  Failed to complete the operation.. Info:The user does not exists
2017-05-27 06:29:19,245 INFO account update 87  Operation completed. The account(id:2) has been updated.
2017-05-27 06:31:04,694 INFO account update 88  Operation completed. The account(id:2) has been updated.
2017-05-27 06:39:11,382 ERROR account delete 101  Failed to complete the operation.. Info:The user does not exists
2017-05-27 06:39:15,141 ERROR account delete 101  Failed to complete the operation.. Info:The user does not exists
2017-05-27 06:39:20,286 INFO account delete 114  Operation completed. The account(id:2) has been deleted.
2017-05-27 06:39:30,811 INFO account create 40  Operation completed. The account(username:Alecyrus) has been created.
2017-05-27 06:39:40,001 ERROR account update 59  Failed to complete the operation.. Info:The user does not exists
2017-05-27 06:39:45,877 ERROR account delete 101  Failed to complete the operation.. Info:The user does not exists
2017-05-27 06:53:11,998 ERROR account login_check 139  Failed to complete the operation.. Info:Failed to check the password
2017-05-27 06:54:05,747 ERROR account login_check 139  Failed to complete the operation.. Info:list indices must be integers or slices, not str
2017-05-27 06:55:20,554 ERROR account login_check 139  Failed to complete the operation.. Info:name 'password' is not defined
2017-05-27 06:56:42,491 INFO account login_check 144  Operation completed. The account(username:Alecyrus)has logined successfully.
2017-05-27 06:56:44,943 INFO account login_check 144  Operation completed. The account(username:Alecyrus)has logined successfully.
2017-05-27 06:56:46,368 INFO account login_check 144  Operation completed. The account(username:Alecyrus)has logined successfully.
2017-05-27 06:56:50,572 ERROR account login_check 135  Failed to complete the operation.. Info:The password is not correct
2017-05-27 06:56:53,587 INFO account login_check 144  Operation completed. The account(username:Alecyrus)has logined successfully.
2017-05-27 06:56:55,879 INFO account login_check 144  Operation completed. The account(username:Alecyrus)has logined successfully.
2017-05-27 06:57:00,186 ERROR account delete 101  Failed to complete the operation.. Info:The user does not exists
2017-05-27 06:57:09,068 INFO account delete 114  Operation completed. The account(id:3) has been deleted.
2017-05-27 06:57:13,506 INFO account create 40  Operation completed. The account(username:Alecyrus) has been created.
2017-05-27 06:57:23,873 INFO account update 87  Operation completed. The account(id:4) has been updated.
2017-05-27 06:58:00,062 INFO account login_check 144  Operation completed. The account(username:test111)has logined successfully.
2017-05-27 06:58:03,823 ERROR account login_check 135  Failed to complete the operation.. Info:The password is not correct
2017-05-27 06:58:06,763 INFO account login_check 144  Operation completed. The account(username:test111)has logined successfully.
2017-05-27 06:58:12,708 INFO account delete 114  Operation completed. The account(id:4) has been deleted.
2017-05-27 07:24:43,184 INFO account create 40  Operation completed. The account(username:Alecyrus) has been created.
2017-05-27 07:24:58,738 ERROR account update 59  Failed to complete the operation.. Info:The user does not exists
2017-05-27 07:25:13,050 INFO account update 87  Operation completed. The account(id:5) has been updated.
2017-05-27 07:25:31,500 INFO account login_check 144  Operation completed. The account(username:test111)has logined successfully.
2017-05-27 07:25:38,413 ERROR account login_check 135  Failed to complete the operation.. Info:The password is not correct
2017-05-27 07:25:43,456 INFO account login_check 144  Operation completed. The account(username:test111)has logined successfully.
2017-05-27 07:25:53,954 INFO account delete 114  Operation completed. The account(id:5) has been deleted.
2017-05-27 07:26:54,732 INFO account create 40  Operation completed. The account(username:Alecyrus) has been created.
2017-05-27 07:26:55,084 ERROR account create 20  Failed to complete the operation.. Info:The user exists
2017-05-27 07:27:11,603 ERROR account create 20  Failed to complete the operation.. Info:The user exists
2017-05-27 08:04:00,098 ERROR account create 20  Failed to complete the operation.. Info:The user exists
2017-05-27 08:04:00,110 ERROR account create 20  Failed to complete the operation.. Info:The user exists
2017-05-27 08:04:00,121 ERROR account create 20  Failed to complete the operation.. Info:The user exists
2017-05-27 08:04:00,124 ERROR account create 20  Failed to complete the operation.. Info:The user exists
2017-05-27 08:14:13,205 ERROR account create 20  Failed to complete the operation.. Info:The user exists
2017-05-27 08:14:47,769 INFO account create 40  Operation completed. The account(username:Alec1yrus) has been created.
2017-05-27 09:04:07,598 ERROR account login_check 126  Failed to complete the operation.. Info:The user does not exists
2017-05-27 09:05:23,940 ERROR account login_check 126  Failed to complete the operation.. Info:The user does not exists
2017-05-27 09:05:28,156 ERROR account login_check 126  Failed to complete the operation.. Info:The user does not exists
2017-05-27 09:06:16,001 ERROR account login_check 126  Failed to complete the operation.. Info:The user does not exists
2017-05-27 09:06:40,883 ERROR account login_check 126  Failed to complete the operation.. Info:The user does not exists
2017-05-27 09:07:24,014 ERROR account login_check 126  Failed to complete the operation.. Info:The user does not exists
2017-05-27 09:07:26,210 ERROR account login_check 126  Failed to complete the operation.. Info:The user does not exists
2017-05-27 09:07:32,946 ERROR account login_check 126  Failed to complete the operation.. Info:The user does not exists
2017-05-27 09:07:34,963 ERROR account login_check 126  Failed to complete the operation.. Info:The user does not exists
2017-05-27 09:07:36,847 ERROR account login_check 126  Failed to complete the operation.. Info:The user does not exists
2017-05-27 09:07:51,559 ERROR account login_check 126  Failed to complete the operation.. Info:The user does not exists
2017-05-27 09:07:53,988 ERROR account login_check 126  Failed to complete the operation.. Info:The user does not exists
2017-05-27 09:07:55,834 ERROR account login_check 126  Failed to complete the operation.. Info:The user does not exists
2017-05-27 09:07:57,655 ERROR account login_check 126  Failed to complete the operation.. Info:The user does not exists
2017-05-27 09:08:03,180 ERROR account login_check 126  Failed to complete the operation.. Info:The user does not exists
2017-05-27 09:08:43,983 ERROR account login_check 126  Failed to complete the operation.. Info:The user does not exists
2017-05-27 09:08:46,923 ERROR account login_check 126  Failed to complete the operation.. Info:The user does not exists
2017-05-27 09:09:37,952 ERROR account login_check 126  Failed to complete the operation.. Info:The user does not exists
2017-05-27 09:09:40,068 ERROR account login_check 126  Failed to complete the operation.. Info:The user does not exists
2017-05-27 09:09:49,302 ERROR account login_check 126  Failed to complete the operation.. Info:The user does not exists
2017-05-27 09:09:52,357 ERROR account login_check 126  Failed to complete the operation.. Info:The user does not exists
2017-05-27 09:09:54,615 ERROR account login_check 126  Failed to complete the operation.. Info:The user does not exists
2017-05-27 09:09:56,811 ERROR account login_check 126  Failed to complete the operation.. Info:The user does not exists
2017-05-27 09:09:58,895 ERROR account login_check 126  Failed to complete the operation.. Info:The user does not exists
2017-05-27 09:12:15,446 ERROR account login_check 126  Failed to complete the operation.. Info:The user does not exists
2017-05-27 09:12:17,495 ERROR account login_check 126  Failed to complete the operation.. Info:The user does not exists
2017-05-27 09:12:35,249 ERROR account login_check 134  Failed to complete the operation.. Info:The password is not correct
2017-05-27 09:12:41,092 INFO account login_check 143  Operation completed. The account(username:Alecyrus)has logined successfully.
2017-05-27 09:12:43,237 INFO account login_check 143  Operation completed. The account(username:Alecyrus)has logined successfully.
2017-05-27 09:12:46,283 INFO account login_check 143  Operation completed. The account(username:Alecyrus)has logined successfully.
2017-05-27 09:12:48,404 INFO account login_check 143  Operation completed. The account(username:Alecyrus)has logined successfully.
2017-05-27 09:12:50,475 INFO account login_check 143  Operation completed. The account(username:Alecyrus)has logined successfully.
2017-05-27 09:31:09,268 ERROR account login_check 126  Failed to complete the operation.. Info:The user does not exists
2017-05-27 09:31:10,962 ERROR account login_check 126  Failed to complete the operation.. Info:The user does not exists
2017-05-27 09:31:12,016 ERROR account login_check 126  Failed to complete the operation.. Info:The user does not exists
2017-05-27 09:31:13,064 ERROR account login_check 126  Failed to complete the operation.. Info:The user does not exists
2017-05-27 09:31:14,157 ERROR account login_check 126  Failed to complete the operation.. Info:The user does not exists
2017-05-27 09:31:15,054 ERROR account login_check 126  Failed to complete the operation.. Info:The user does not exists
2017-05-27 09:31:16,874 ERROR account login_check 126  Failed to complete the operation.. Info:The user does not exists
2017-05-27 09:31:20,759 ERROR account login_check 126  Failed to complete the operation.. Info:The user does not exists
2017-05-27 09:31:22,910 ERROR account login_check 126  Failed to complete the operation.. Info:The user does not exists
2017-05-27 09:31:37,597 ERROR account login_check 126  Failed to complete the operation.. Info:The user does not exists
2017-05-27 09:57:42,455 ERROR account login_check 126  Failed to complete the operation.. Info:The user does not exists
2017-05-27 10:14:49,547 ERROR account login_check 126  Failed to complete the operation.. Info:The user does not exists
2017-05-27 10:19:13,578 INFO account create 40  Operation completed. The account(username:aleqw) has been created.
2017-05-27 10:20:12,791 INFO account create 40  Operation completed. The account(username:1111) has been created.
2017-05-27 10:20:16,861 ERROR account create 20  Failed to complete the operation.. Info:The user exists
2017-05-27 10:20:33,671 ERROR account create 20  Failed to complete the operation.. Info:The user exists
2017-05-27 10:20:46,579 ERROR account login_check 126  Failed to complete the operation.. Info:The user does not exists
2017-05-27 10:20:52,005 ERROR account login_check 126  Failed to complete the operation.. Info:The user does not exists
2017-05-27 10:22:41,062 INFO account create 40  Operation completed. The account(username:) has been created.
2017-05-27 18:25:52,472 ERROR account login_check 126  Failed to complete the operation.. Info:The user does not exists
2017-05-27 18:25:56,616 ERROR account login_check 126  Failed to complete the operation.. Info:The user does not exists
2017-05-27 18:26:04,670 INFO account create 40  Operation completed. The account(username:test) has been created.
2017-05-27 18:26:07,957 INFO account login_check 143  Operation completed. The account(username:test)has logined successfully.
2017-05-27 18:27:30,473 INFO account login_check 143  Operation completed. The account(username:test)has logined successfully.
2017-05-27 18:27:33,762 ERROR account login_check 126  Failed to complete the operation.. Info:The user does not exists
2017-05-27 18:27:38,023 ERROR account login_check 126  Failed to complete the operation.. Info:The user does not exists
2017-05-27 18:27:41,419 ERROR account login_check 126  Failed to complete the operation.. Info:The user does not exists
2017-05-27 18:43:25,675 INFO account create 40  Operation completed. The account(username:11111) has been created.
2017-05-27 18:58:06,093 INFO account create 40  Operation completed. The account(username:啊属单位的) has been created.
2017-05-27 19:01:55,244 INFO account create 42  Operation completed. The account(username:啊属单位的) has been created.
2017-05-27 19:04:13,741 INFO account create 42  Operation completed. The account(username:12) has been created.
2017-05-27 19:05:11,739 INFO account create 42  Operation completed. The account(username:111) has been created.
2017-05-27 19:05:51,148 INFO account create 42  Operation completed. The account(username:) has been created.
2017-05-27 19:07:44,100 ERROR account create 20  Failed to complete the operation.. Info:The user exists
2017-05-27 19:07:56,204 ERROR account create 20  Failed to complete the operation.. Info:The user exists
2017-05-27 19:08:12,904 INFO account create 42  Operation completed. The account(username:) has been created.
2017-05-27 19:09:30,084 ERROR account login_check 128  Failed to complete the operation.. Info:The user does not exists
2017-05-27 19:09:33,446 ERROR account login_check 128  Failed to complete the operation.. Info:The user does not exists
2017-05-27 19:09:35,626 ERROR account login_check 128  Failed to complete the operation.. Info:The user does not exists
2017-05-27 19:09:38,401 ERROR account login_check 128  Failed to complete the operation.. Info:The user does not exists
2017-05-27 19:09:40,105 ERROR account login_check 128  Failed to complete the operation.. Info:The user does not exists
2017-05-27 19:09:41,673 ERROR account login_check 128  Failed to complete the operation.. Info:The user does not exists
2017-05-27 19:10:39,302 ERROR account login_check 128  Failed to complete the operation.. Info:The user does not exists
2017-05-27 19:10:43,649 ERROR account login_check 128  Failed to complete the operation.. Info:The user does not exists
2017-05-27 19:26:01,140 ERROR account create 20  Failed to complete the operation.. Info:The user exists
2017-05-27 19:26:22,810 ERROR account create 20  Failed to complete the operation.. Info:The user exists
2017-05-27 19:32:54,168 ERROR account login_check 128  Failed to complete the operation.. Info:The user does not exists
2017-05-27 19:39:25,303 ERROR account login_check 128  Failed to complete the operation.. Info:The user does not exists
2017-05-27 19:46:57,128 ERROR account login_check 128  Failed to complete the operation.. Info:The user does not exists
2017-05-27 19:46:57,893 ERROR account login_check 128  Failed to complete the operation.. Info:The user does not exists
2017-05-27 19:47:47,290 ERROR account create 20  Failed to complete the operation.. Info:The user exists
2017-05-27 19:47:55,872 ERROR account login_check 128  Failed to complete the operation.. Info:The user does not exists
2017-05-27 19:48:25,345 ERROR account create 20  Failed to complete the operation.. Info:The user exists
2017-05-27 19:49:02,732 ERROR account create 20  Failed to complete the operation.. Info:The user exists
2017-05-27 19:49:53,129 INFO account create 42  Operation completed. The account(username:test) has been created.
2017-05-27 19:50:21,770 ERROR account create 20  Failed to complete the operation.. Info:The user exists
2017-05-27 19:50:39,827 INFO account create 42  Operation completed. The account(username:test1) has been created.
2017-05-27 19:50:43,165 INFO account login_check 145  Operation completed. The account(username:test1)has logined successfully.
2017-05-27 22:34:28,523 INFO account login_check 145  Operation completed. The account(username:test)has logined successfully.
2017-05-27 22:34:48,734 INFO account login_check 145  Operation completed. The account(username:test)has logined successfully.
2017-05-27 22:35:33,748 INFO account login_check 145  Operation completed. The account(username:test)has logined successfully.
2017-05-27 22:35:50,161 INFO account login_check 145  Operation completed. The account(username:test)has logined successfully.
2017-05-27 23:26:30,521 INFO account login_check 145  Operation completed. The account(username:test)has logined successfully.
2017-05-27 23:35:16,326 INFO account login_check 145  Operation completed. The account(username:test)has logined successfully.
2017-05-27 23:41:26,298 INFO account login_check 145  Operation completed. The account(username:test)has logined successfully.
2017-05-27 23:49:03,702 INFO account login_check 145  Operation completed. The account(username:test)has logined successfully.
2017-05-28 00:34:22,367 INFO account login_check 145  Operation completed. The account(username:test)has logined successfully.
2017-05-28 00:39:47,168 INFO account create 42  Operation completed. The account(username:Alecyrus) has been created.
2017-05-28 00:39:55,701 INFO account login_check 145  Operation completed. The account(username:Alecyrus)has logined successfully.
2017-05-28 00:57:56,308 INFO account login_check 145  Operation completed. The account(username:Alecyrus)has logined successfully.
2017-05-28 00:59:01,133 INFO account login_check 145  Operation completed. The account(username:Alecyrus)has logined successfully.
2017-05-28 00:59:47,440 INFO account login_check 145  Operation completed. The account(username:Alecyrus)has logined successfully.
2017-05-28 01:00:21,824 INFO account login_check 145  Operation completed. The account(username:Alecyrus)has logined successfully.
2017-05-28 01:04:38,584 INFO account login_check 145  Operation completed. The account(username:test)has logined successfully.
2017-05-28 01:07:49,534 INFO account login_check 145  Operation completed. The account(username:test)has logined successfully.
2017-05-28 01:10:33,499 INFO account login_check 145  Operation completed. The account(username:test)has logined successfully.
2017-05-28 01:49:49,693 ERROR account login_check 136  Failed to complete the operation.. Info:The password is not correct
2017-05-28 01:49:59,020 INFO account login_check 145  Operation completed. The account(username:test)has logined successfully.
2017-05-28 02:32:34,835 INFO account login_check 145  Operation completed. The account(username:test)has logined successfully.
2017-05-28 02:37:09,997 INFO account login_check 145  Operation completed. The account(username:test)has logined successfully.
2017-05-28 04:57:52,073 INFO account login_check 145  Operation completed. The account(username:Alecyrus)has logined successfully.
2017-05-28 06:03:16,876 INFO account login_check 145  Operation completed. The account(username:test)has logined successfully.
2017-05-28 07:19:45,279 INFO account login_check 145  Operation completed. The account(username:Alecyrus)has logined successfully.
2017-05-28 08:33:35,713 INFO account login_check 145  Operation completed. The account(username:Alecyrus)has logined successfully.
2017-05-28 08:34:53,260 INFO account login_check 145  Operation completed. The account(username:test)has logined successfully.
2017-05-28 09:38:56,506 INFO account login_check 145  Operation completed. The account(username:Alecyrus)has logined successfully.
2017-05-28 09:43:54,440 INFO account login_check 145  Operation completed. The account(username:test)has logined successfully.
2017-05-28 10:11:43,496 INFO account login_check 145  Operation completed. The account(username:test)has logined successfully.
2017-05-29 00:11:23,326 INFO account create 42  Operation completed. The account(username:啊实打实的) has been created.
2017-05-29 00:12:15,998 INFO account create 42  Operation completed. The account(username:啊实1打实的) has been created.
2017-05-29 00:56:45,346 ERROR account login_check 128  Failed to complete the operation.. Info:The user does not exists
2017-05-29 00:56:55,026 INFO account create 42  Operation completed. The account(username:test) has been created.
2017-05-29 00:57:01,091 INFO account login_check 145  Operation completed. The account(username:test)has logined successfully.
2017-05-29 01:01:37,005 INFO account login_check 145  Operation completed. The account(username:test)has logined successfully.
2017-05-29 01:07:25,065 INFO account login_check 145  Operation completed. The account(username:test)has logined successfully.
2017-05-29 01:36:23,001 INFO account login_check 145  Operation completed. The account(username:test)has logined successfully.
2017-05-29 01:51:33,835 INFO account login_check 145  Operation completed. The account(username:test)has logined successfully.
2017-05-29 01:52:05,755 INFO account login_check 145  Operation completed. The account(username:test)has logined successfully.
2017-05-29 01:52:36,167 INFO account login_check 145  Operation completed. The account(username:test)has logined successfully.
2017-05-29 01:53:53,335 INFO account login_check 145  Operation completed. The account(username:test)has logined successfully.
2017-05-29 01:54:31,398 INFO account login_check 145  Operation completed. The account(username:test)has logined successfully.
2017-05-29 01:55:24,538 INFO account login_check 145  Operation completed. The account(username:test)has logined successfully.
2017-05-29 01:59:24,761 ERROR account login_check 136  Failed to complete the operation.. Info:The password is not correct
2017-05-29 01:59:33,797 INFO account login_check 145  Operation completed. The account(username:test)has logined successfully.
2017-05-29 02:00:49,408 INFO account login_check 145  Operation completed. The account(username:test)has logined successfully.
2017-05-29 02:01:33,223 INFO account login_check 145  Operation completed. The account(username:test)has logined successfully.
2017-05-29 02:04:39,115 INFO account login_check 145  Operation completed. The account(username:test)has logined successfully.
2017-05-29 02:06:46,263 INFO account login_check 145  Operation completed. The account(username:test)has logined successfully.
2017-05-29 02:07:55,291 INFO account login_check 145  Operation completed. The account(username:test)has logined successfully.
2017-05-29 02:08:32,298 INFO account login_check 145  Operation completed. The account(username:test)has logined successfully.
2017-05-29 02:20:12,703 INFO account login_check 145  Operation completed. The account(username:test)has logined successfully.
2017-05-29 02:21:08,876 INFO account login_check 145  Operation completed. The account(username:test)has logined successfully.
2017-05-29 02:21:52,326 INFO account login_check 145  Operation completed. The account(username:test)has logined successfully.
2017-05-29 02:27:17,769 INFO account login_check 145  Operation completed. The account(username:test)has logined successfully.
2017-05-29 02:32:50,905 INFO account login_check 145  Operation completed. The account(username:test)has logined successfully.
2017-05-29 02:41:20,263 INFO account login_check 145  Operation completed. The account(username:test)has logined successfully.
2017-05-29 02:41:46,329 INFO account login_check 145  Operation completed. The account(username:test)has logined successfully.
2017-05-29 02:44:41,326 INFO account login_check 145  Operation completed. The account(username:test)has logined successfully.
2017-05-29 02:48:50,254 INFO account login_check 145  Operation completed. The account(username:test)has logined successfully.
2017-05-29 02:50:05,341 INFO account login_check 145  Operation completed. The account(username:test)has logined successfully.
2017-05-29 03:09:45,777 INFO account login_check 145  Operation completed. The account(username:test)has logined successfully.
2017-05-29 03:10:25,798 INFO account login_check 145  Operation completed. The account(username:test)has logined successfully.
2017-05-29 03:11:21,968 INFO account login_check 145  Operation completed. The account(username:test)has logined successfully.
2017-05-29 03:11:54,141 INFO account login_check 145  Operation completed. The account(username:test)has logined successfully.
2017-05-29 03:29:31,684 INFO account login_check 145  Operation completed. The account(username:test)has logined successfully.
2017-05-29 03:38:22,718 INFO account login_check 145  Operation completed. The account(username:test)has logined successfully.
2017-05-29 04:08:46,675 INFO account login_check 145  Operation completed. The account(username:test)has logined successfully.
2017-05-29 04:14:48,062 INFO account login_check 145  Operation completed. The account(username:test)has logined successfully.
2017-05-29 05:49:50,356 INFO account login_check 145  Operation completed. The account(username:test)has logined successfully.
2017-05-29 06:24:46,301 INFO account login_check 145  Operation completed. The account(username:test)has logined successfully.
2017-05-29 06:27:26,382 INFO account login_check 145  Operation completed. The account(username:test)has logined successfully.
2017-05-29 07:25:21,077 INFO account login_check 145  Operation completed. The account(username:test)has logined successfully.
2017-05-29 07:48:42,909 INFO account login_check 145  Operation completed. The account(username:test)has logined successfully.
2017-05-29 07:53:09,650 INFO account login_check 145  Operation completed. The account(username:test)has logined successfully.
2017-05-29 09:03:31,788 INFO account login_check 145  Operation completed. The account(username:test)has logined successfully.
2017-05-29 09:11:23,124 INFO account login_check 145  Operation completed. The account(username:test)has logined successfully.
2017-05-29 09:13:58,450 INFO account login_check 145  Operation completed. The account(username:test)has logined successfully.
2017-05-29 09:31:10,198 INFO account login_check 145  Operation completed. The account(username:test)has logined successfully.
2017-05-29 09:32:12,400 INFO account login_check 145  Operation completed. The account(username:test)has logined successfully.
2017-05-29 09:33:19,829 INFO account login_check 145  Operation completed. The account(username:test)has logined successfully.
2017-05-29 09:34:48,990 INFO account login_check 145  Operation completed. The account(username:test)has logined successfully.
2017-05-29 09:39:58,447 INFO account login_check 145  Operation completed. The account(username:test)has logined successfully.
2017-05-29 20:39:18,159 INFO account login_check 145  Operation completed. The account(username:test)has logined successfully.
2017-05-29 23:17:24,805 INFO account login_check 145  Operation completed. The account(username:test)has logined successfully.
2017-05-29 23:17:48,425 INFO account login_check 145  Operation completed. The account(username:test)has logined successfully.
2017-05-30 00:17:18,836 INFO account login_check 145  Operation completed. The account(username:test)has logined successfully.
2017-05-30 00:18:08,000 INFO account login_check 145  Operation completed. The account(username:test)has logined successfully.
2017-05-30 03:18:56,534 INFO account login_check 145  Operation completed. The account(username:test)has logined successfully.
2017-05-30 07:47:25,634 INFO account login_check 145  Operation completed. The account(username:test)has logined successfully.
2017-05-30 08:11:06,996 INFO account login_check 145  Operation completed. The account(username:test)has logined successfully.
2017-05-30 08:15:37,922 INFO account login_check 145  Operation completed. The account(username:test)has logined successfully.
2017-05-30 08:16:38,743 INFO account login_check 145  Operation completed. The account(username:test)has logined successfully.
2017-05-30 08:18:20,850 INFO account login_check 145  Operation completed. The account(username:test)has logined successfully.
2017-05-30 08:18:50,559 INFO account login_check 145  Operation completed. The account(username:test)has logined successfully.
2017-05-30 09:17:13,892 INFO account login_check 145  Operation completed. The account(username:test)has logined successfully.
2017-05-30 19:01:16,515 INFO account login_check 145  Operation completed. The account(username:test)has logined successfully.
2017-05-30 19:01:54,889 INFO account login_check 145  Operation completed. The account(username:test)has logined successfully.
2017-05-30 19:14:35,011 INFO account login_check 145  Operation completed. The account(username:test)has logined successfully.
2017-05-30 19:16:40,679 INFO account login_check 145  Operation completed. The account(username:test)has logined successfully.
2017-05-30 19:56:20,155 INFO account login_check 145  Operation completed. The account(username:test)has logined successfully.
2017-05-30 20:57:22,459 INFO account login_check 145  Operation completed. The account(username:test)has logined successfully.
2017-05-30 22:40:32,739 ERROR account create 38  Failed to insert user's information
2017-05-30 22:41:16,727 ERROR account create 38  Failed to insert user's information
2017-05-30 22:43:28,774 INFO account create 43  Operation completed. The account(username:tttt) has been created.
2017-05-30 22:43:51,920 INFO account create 43  Operation completed. The account(username:a123) has been created.
2017-05-30 22:44:03,410 INFO account login_check 146  Operation completed. The account(username:a123)has logined successfully.
2017-05-30 22:48:13,925 INFO account create 43  Operation completed. The account(username:lliufan) has been created.
2017-05-30 22:48:25,141 ERROR account login_check 129  Failed to complete the operation.. Info:The user does not exists
2017-05-30 22:48:36,063 ERROR account login_check 129  Failed to complete the operation.. Info:The user does not exists
2017-05-30 22:49:00,592 INFO account login_check 146  Operation completed. The account(username:lliufan)has logined successfully.
2017-05-30 22:51:34,710 INFO account login_check 146  Operation completed. The account(username:test)has logined successfully.
2017-05-30 22:55:18,122 INFO account login_check 146  Operation completed. The account(username:test)has logined successfully.
2017-05-31 03:19:40,053 INFO account login_check 146  Operation completed. The account(username:test)has logined successfully.
2017-05-31 05:11:23,833 INFO account create 43  Operation completed. The account(username:test) has been created.
2017-05-31 05:11:31,261 INFO account login_check 146  Operation completed. The account(username:test)has logined successfully.
2017-05-31 05:46:18,947 INFO account login_check 146  Operation completed. The account(username:test)has logined successfully.
2017-05-31 05:57:03,756 INFO account login_check 146  Operation completed. The account(username:test)has logined successfully.
2017-05-31 05:58:10,316 INFO account login_check 146  Operation completed. The account(username:test)has logined successfully.
2017-05-31 06:07:43,224 INFO account login_check 146  Operation completed. The account(username:test)has logined successfully.
2017-05-31 06:42:36,826 INFO account login_check 146  Operation completed. The account(username:test)has logined successfully.
2017-05-31 07:18:55,122 INFO account login_check 146  Operation completed. The account(username:test)has logined successfully.
2017-05-31 09:20:42,234 INFO account login_check 146  Operation completed. The account(username:test)has logined successfully.
2017-05-31 09:25:04,173 INFO account login_check 146  Operation completed. The account(username:test)has logined successfully.
2017-05-31 09:56:41,130 INFO account login_check 146  Operation completed. The account(username:test)has logined successfully.
2017-05-31 10:05:27,157 INFO account login_check 146  Operation completed. The account(username:test)has logined successfully.
2017-05-31 10:13:39,340 INFO account login_check 146  Operation completed. The account(username:test)has logined successfully.
2017-05-31 10:21:55,835 INFO account login_check 146  Operation completed. The account(username:test)has logined successfully.
2017-05-31 10:22:43,375 INFO account login_check 146  Operation completed. The account(username:test)has logined successfully.
2017-05-31 17:33:28,596 INFO account login_check 146  Operation completed. The account(username:test)has logined successfully.
2017-05-31 18:11:22,517 INFO account login_check 146  Operation completed. The account(username:test)has logined successfully.
2017-05-31 18:16:46,089 INFO account login_check 146  Operation completed. The account(username:test)has logined successfully.
2017-05-31 21:59:39,247 INFO account login_check 146  Operation completed. The account(username:test)has logined successfully.
2017-05-31 22:57:27,553 INFO account login_check 146  Operation completed. The account(username:test)has logined successfully.
2017-05-31 23:36:44,360 INFO account login_check 146  Operation completed. The account(username:test)has logined successfully.
2017-05-31 23:37:42,733 INFO account login_check 146  Operation completed. The account(username:test)has logined successfully.
2017-05-31 23:55:55,798 INFO account login_check 146  Operation completed. The account(username:test)has logined successfully.
2017-06-01 00:26:08,140 INFO account login_check 146  Operation completed. The account(username:test)has logined successfully.
2017-06-01 00:52:03,153 INFO account login_check 146  Operation completed. The account(username:test)has logined successfully.
2017-06-01 00:52:39,132 INFO account login_check 146  Operation completed. The account(username:test)has logined successfully.
2017-06-01 00:53:20,149 INFO account login_check 146  Operation completed. The account(username:test)has logined successfully.
2017-06-01 00:53:57,201 INFO account login_check 146  Operation completed. The account(username:test)has logined successfully.
2017-06-01 00:54:32,080 INFO account login_check 146  Operation completed. The account(username:test)has logined successfully.
2017-06-01 00:55:02,209 INFO account login_check 146  Operation completed. The account(username:test)has logined successfully.
2017-06-01 01:02:14,616 INFO account login_check 146  Operation completed. The account(username:test)has logined successfully.
2017-06-01 01:03:55,998 INFO account login_check 146  Operation completed. The account(username:test)has logined successfully.
2017-06-01 01:05:00,393 INFO account login_check 146  Operation completed. The account(username:test)has logined successfully.
2017-06-01 01:06:47,730 INFO account login_check 146  Operation completed. The account(username:test)has logined successfully.
2017-06-01 01:07:20,578 INFO account login_check 146  Operation completed. The account(username:test)has logined successfully.
2017-06-01 01:08:37,067 INFO account login_check 146  Operation completed. The account(username:test)has logined successfully.
2017-06-01 01:11:10,033 INFO account login_check 146  Operation completed. The account(username:test)has logined successfully.
2017-06-01 01:14:50,954 INFO account login_check 146  Operation completed. The account(username:test)has logined successfully.
2017-06-01 01:16:19,118 INFO account login_check 146  Operation completed. The account(username:test)has logined successfully.
2017-06-01 01:20:20,700 INFO account login_check 146  Operation completed. The account(username:test)has logined successfully.
2017-06-01 01:23:12,455 INFO account login_check 146  Operation completed. The account(username:test)has logined successfully.
2017-06-01 01:25:28,660 INFO account login_check 146  Operation completed. The account(username:test)has logined successfully.
2017-06-01 01:37:08,982 INFO account login_check 146  Operation completed. The account(username:test)has logined successfully.
2017-06-01 01:56:09,861 INFO account login_check 146  Operation completed. The account(username:test)has logined successfully.
2017-06-01 01:56:53,187 INFO account login_check 146  Operation completed. The account(username:test)has logined successfully.
2017-06-01 02:38:20,896 INFO account login_check 146  Operation completed. The account(username:test)has logined successfully.
2017-06-01 03:00:59,511 INFO account login_check 146  Operation completed. The account(username:test)has logined successfully.
2017-06-01 03:04:27,295 INFO account login_check 146  Operation completed. The account(username:test)has logined successfully.
2017-06-01 03:05:19,658 INFO account login_check 146  Operation completed. The account(username:test)has logined successfully.
2017-06-01 05:12:40,655 INFO account login_check 146  Operation completed. The account(username:test)has logined successfully.
2017-06-01 05:14:48,347 INFO account login_check 146  Operation completed. The account(username:test)has logined successfully.
2017-06-01 05:16:35,612 INFO account login_check 146  Operation completed. The account(username:test)has logined successfully.
2017-06-01 05:18:59,268 INFO account login_check 146  Operation completed. The account(username:test)has logined successfully.
2017-06-01 05:44:04,590 INFO account login_check 146  Operation completed. The account(username:test)has logined successfully.
2017-06-01 06:18:45,158 INFO account login_check 146  Operation completed. The account(username:test)has logined successfully.
2017-06-01 21:21:30,681 INFO account get_all_users 181  Get users successfully
2017-06-01 21:22:18,090 INFO account get_all_users 181  Get users successfully
2017-06-01 21:22:33,937 INFO account get_all_users 181  Get users successfully
2017-06-01 21:23:50,173 INFO account get_all_users 181  Get users successfully
2017-06-01 21:26:40,461 INFO account get_all_users 181  Get users successfully
2017-06-01 21:26:52,170 INFO account get_all_users 181  Get users successfully
2017-06-01 21:27:19,873 INFO account get_all_users 181  Get users successfully
2017-06-01 22:01:05,335 INFO account get_all_users 181  Get users successfully
2017-06-01 22:48:53,622 INFO account get_all_users 181  Get users successfully
2017-06-01 22:50:26,337 INFO account get_all_users 181  Get users successfully
2017-06-01 22:51:39,777 INFO account get_all_users 181  Get users successfully
2017-06-01 22:51:59,930 INFO account get_all_users 181  Get users successfully
2017-06-01 22:52:30,301 INFO account get_all_users 181  Get users successfully
2017-06-01 22:52:43,609 INFO account get_all_users 181  Get users successfully
2017-06-01 22:53:24,948 INFO account get_all_users 181  Get users successfully
2017-06-01 22:53:43,162 INFO account get_all_users 181  Get users successfully
2017-06-01 22:53:52,987 INFO account get_all_users 181  Get users successfully
2017-06-01 22:57:42,009 INFO account get_all_users 181  Get users successfully
2017-06-01 22:58:54,636 INFO account get_all_users 181  Get users successfully
2017-06-01 23:32:29,784 INFO account get_all_users 181  Get users successfully
2017-06-01 23:33:19,944 INFO account get_all_users 181  Get users successfully
2017-06-01 23:34:06,112 INFO account get_all_users 181  Get users successfully
2017-06-01 23:34:43,131 INFO account get_all_users 181  Get users successfully
2017-06-01 23:35:14,664 INFO account create 55  Operation completed. The account(username:test1) has been created.
2017-06-01 23:36:24,351 INFO account get_all_users 181  Get users successfully
2017-06-01 23:37:25,594 ERROR account create 32  Failed to complete the operation.. Info:The user exists
2017-06-01 23:37:43,490 INFO account get_all_users 181  Get users successfully
2017-06-01 23:37:50,532 INFO account get_all_users 181  Get users successfully
2017-06-01 23:37:59,241 INFO account create 55  Operation completed. The account(username:Alecyrus) has been created.
2017-06-01 23:39:11,226 INFO account get_all_users 181  Get users successfully
2017-06-01 23:39:39,616 INFO account get_all_users 181  Get users successfully
2017-06-01 23:39:50,267 INFO account create 55  Operation completed. The account(username:test2) has been created.
2017-06-01 23:39:51,292 INFO account get_all_users 181  Get users successfully
2017-06-01 23:40:10,899 INFO account get_all_users 181  Get users successfully
2017-06-01 23:40:21,937 INFO account create 55  Operation completed. The account(username:test3) has been created.
2017-06-01 23:40:22,975 INFO account get_all_users 181  Get users successfully
2017-06-01 23:40:36,824 INFO account create 55  Operation completed. The account(username:test4) has been created.
2017-06-01 23:40:37,854 INFO account get_all_users 181  Get users successfully
2017-06-01 23:40:50,466 INFO account create 55  Operation completed. The account(username:test6) has been created.
2017-06-01 23:40:51,647 INFO account get_all_users 181  Get users successfully
2017-06-01 23:41:03,815 ERROR account create 32  Failed to complete the operation.. Info:The user exists
2017-06-01 23:41:13,417 INFO account create 55  Operation completed. The account(username:test5) has been created.
2017-06-01 23:41:14,444 INFO account get_all_users 181  Get users successfully
2017-06-01 23:41:30,346 INFO account get_all_users 181  Get users successfully
2017-06-01 23:41:39,458 INFO account get_all_users 181  Get users successfully
2017-06-01 23:41:53,735 INFO account create 55  Operation completed. The account(username:test8) has been created.
2017-06-01 23:41:54,756 INFO account get_all_users 181  Get users successfully
2017-06-01 23:42:12,087 INFO account create 55  Operation completed. The account(username:test9) has been created.
2017-06-01 23:42:13,254 INFO account get_all_users 181  Get users successfully
2017-06-01 23:42:27,127 INFO account create 55  Operation completed. The account(username:test10) has been created.
2017-06-01 23:42:28,171 INFO account get_all_users 181  Get users successfully
2017-06-01 23:42:42,789 INFO account get_all_users 181  Get users successfully
2017-06-02 00:34:17,442 INFO account get_all_users 181  Get users successfully
2017-06-02 00:35:46,535 INFO account get_all_users 181  Get users successfully
2017-06-02 00:45:10,418 INFO account create 56  Operation completed. The account(username:admin) has been created.
2017-06-02 00:45:18,905 INFO account login_check 159  Operation completed. The account(username:admin)has logined successfully.
2017-06-02 00:45:29,780 INFO account get_all_users 182  Get users successfully
2017-06-02 00:49:22,962 INFO account get_all_users 182  Get users successfully
2017-06-02 00:49:52,628 INFO account get_all_users 182  Get users successfully
2017-06-02 00:50:29,601 INFO account login_check 159  Operation completed. The account(username:test1)has logined successfully.
2017-06-02 00:50:37,341 INFO account get_all_users 182  Get users successfully
2017-06-02 00:54:24,961 INFO account get_all_users 184  Get users successfully
2017-06-02 00:54:34,545 INFO account login_check 161  Operation completed. The account(username:test1)has logined successfully.
2017-06-02 00:54:46,015 INFO account login_check 161  Operation completed. The account(username:admin)has logined successfully.
2017-06-02 00:54:53,217 INFO account get_all_users 184  Get users successfully
2017-06-02 00:55:28,526 INFO account get_all_users 184  Get users successfully
2017-06-02 00:55:59,506 INFO account get_all_users 184  Get users successfully
2017-06-02 00:59:02,048 INFO account get_all_users 184  Get users successfully
2017-06-02 00:59:19,008 INFO account get_all_users 184  Get users successfully
2017-06-02 00:59:35,361 INFO account get_all_users 184  Get users successfully
2017-06-02 00:59:43,410 INFO account get_all_users 184  Get users successfully
2017-06-02 01:00:42,634 INFO account get_all_users 184  Get users successfully
2017-06-02 01:00:54,123 INFO account get_all_users 184  Get users successfully
2017-06-02 01:00:56,940 INFO account delete 131  Operation completed. The account(id:1) has been deleted.
2017-06-02 01:01:02,260 ERROR account delete 118  Failed to complete the operation.. Info:The user does not exists
2017-06-02 01:01:07,099 ERROR account delete 118  Failed to complete the operation.. Info:The user does not exists
2017-06-02 01:01:09,033 ERROR account delete 118  Failed to complete the operation.. Info:The user does not exists
2017-06-02 01:01:10,731 ERROR account delete 118  Failed to complete the operation.. Info:The user does not exists
2017-06-02 01:01:12,497 ERROR account delete 118  Failed to complete the operation.. Info:The user does not exists
2017-06-02 01:01:21,373 INFO account get_all_users 184  Get users successfully
2017-06-02 01:02:26,817 INFO account get_all_users 184  Get users successfully
2017-06-02 01:02:36,196 ERROR account delete 118  Failed to complete the operation.. Info:The user does not exists
2017-06-02 01:02:46,152 INFO account get_all_users 184  Get users successfully
2017-06-02 01:02:52,932 ERROR account delete 118  Failed to complete the operation.. Info:The user does not exists
2017-06-02 01:03:24,429 INFO account get_all_users 184  Get users successfully
2017-06-02 01:03:51,736 INFO account create 58  Operation completed. The account(username:admin) has been created.
2017-06-02 01:03:56,265 INFO account login_check 161  Operation completed. The account(username:admin)has logined successfully.
2017-06-02 01:04:27,145 INFO account login_check 161  Operation completed. The account(username:admin)has logined successfully.
2017-06-02 01:04:30,533 INFO account get_all_users 184  Get users successfully
2017-06-02 01:04:34,288 INFO account delete 131  Operation completed. The account(id:5) has been deleted.
2017-06-02 01:04:35,331 INFO account get_all_users 184  Get users successfully
2017-06-02 01:06:22,122 INFO account get_all_users 184  Get users successfully
2017-06-02 01:06:45,834 INFO account get_all_users 184  Get users successfully
2017-06-02 01:07:14,601 INFO account delete 131  Operation completed. The account(id:2) has been deleted.
2017-06-02 01:07:34,778 INFO account get_all_users 184  Get users successfully
2017-06-02 01:07:37,677 INFO account delete 131  Operation completed. The account(id:4) has been deleted.
2017-06-02 01:07:58,450 ERROR account delete 118  Failed to complete the operation.. Info:The user does not exists
2017-06-02 01:08:31,872 INFO account get_all_users 184  Get users successfully
2017-06-02 01:08:38,051 INFO account delete 131  Operation completed. The account(id:6) has been deleted.
2017-06-02 01:09:33,173 INFO account get_all_users 184  Get users successfully
2017-06-02 01:09:38,198 INFO account delete 131  Operation completed. The account(id:8) has been deleted.
2017-06-02 01:09:39,216 INFO account get_all_users 184  Get users successfully
2017-06-02 01:09:43,123 INFO account delete 131  Operation completed. The account(id:10) has been deleted.
2017-06-02 01:09:44,156 INFO account get_all_users 184  Get users successfully
2017-06-02 01:09:46,829 INFO account delete 131  Operation completed. The account(id:9) has been deleted.
2017-06-02 01:09:47,848 INFO account get_all_users 184  Get users successfully
2017-06-02 01:09:50,302 INFO account delete 131  Operation completed. The account(id:7) has been deleted.
2017-06-02 01:09:51,319 INFO account get_all_users 184  Get users successfully
2017-06-02 01:09:53,840 INFO account delete 131  Operation completed. The account(id:11) has been deleted.
2017-06-02 01:09:54,861 INFO account get_all_users 184  Get users successfully
2017-06-02 01:14:58,608 INFO account get_all_users 184  Get users successfully
2017-06-02 01:15:57,388 INFO account create 58  Operation completed. The account(username:test11) has been created.
2017-06-02 01:15:58,419 INFO account get_all_users 184  Get users successfully
2017-06-02 01:16:22,176 INFO account get_all_users 184  Get users successfully
2017-06-02 01:18:06,320 INFO account get_all_users 184  Get users successfully
2017-06-02 01:18:21,173 INFO account get_all_users 184  Get users successfully
2017-06-02 01:23:01,520 INFO account get_all_users 184  Get users successfully
2017-06-02 01:23:08,653 INFO account get_all_users 184  Get users successfully
2017-06-02 01:34:32,567 INFO account get_all_users 184  Get users successfully
2017-06-02 01:46:36,436 INFO account get_all_users 184  Get users successfully
2017-06-02 02:09:40,056 INFO account create 58  Operation completed. The account(username:Alecyru1s) has been created.
2017-06-02 02:10:29,732 INFO account update 105  Operation completed. The account(id:15) has been updated.
2017-06-02 02:10:54,261 INFO account delete 131  Operation completed. The account(id:15) has been deleted.
2017-06-02 02:11:07,281 ERROR account login_check 144  Failed to complete the operation.. Info:The user does not exists
2017-06-02 02:11:41,777 INFO account login_check 161  Operation completed. The account(username:admin)has logined successfully.
2017-06-02 02:11:55,860 INFO account get_all_users 184  Get users successfully
